<?xml version="1.0" encoding="UTF-8"?>
<testsuite xmlns:xsi="http://www.w3.org/2001/XMLSchema-instance" xsi:noNamespaceSchemaLocation="https://maven.apache.org/surefire/maven-surefire-plugin/xsd/surefire-test-report-3.0.xsd" version="3.0" name="com.wm.notification.NotificationModuleApplicationTests" time="8.774" tests="1" errors="0" skipped="0" failures="0">
  <properties>
    <property name="java.specification.version" value="21"/>
    <property name="sun.jnu.encoding" value="UTF-8"/>
    <property name="java.class.path" value="/Users/delsonstech/Documents/GitHub/wm-notification-app/target/test-classes:/Users/delsonstech/Documents/GitHub/wm-notification-app/target/classes:/Users/delsonstech/.m2/repository/org/springframework/boot/spring-boot-starter-web/3.1.5/spring-boot-starter-web-3.1.5.jar:/Users/delsonstech/.m2/repository/org/springframework/boot/spring-boot-starter/3.1.5/spring-boot-starter-3.1.5.jar:/Users/delsonstech/.m2/repository/org/springframework/boot/spring-boot-starter-logging/3.1.5/spring-boot-starter-logging-3.1.5.jar:/Users/delsonstech/.m2/repository/ch/qos/logback/logback-classic/1.4.11/logback-classic-1.4.11.jar:/Users/delsonstech/.m2/repository/ch/qos/logback/logback-core/1.4.11/logback-core-1.4.11.jar:/Users/delsonstech/.m2/repository/org/apache/logging/log4j/log4j-to-slf4j/2.20.0/log4j-to-slf4j-2.20.0.jar:/Users/delsonstech/.m2/repository/org/apache/logging/log4j/log4j-api/2.20.0/log4j-api-2.20.0.jar:/Users/delsonstech/.m2/repository/org/slf4j/jul-to-slf4j/2.0.9/jul-to-slf4j-2.0.9.jar:/Users/delsonstech/.m2/repository/jakarta/annotation/jakarta.annotation-api/2.1.1/jakarta.annotation-api-2.1.1.jar:/Users/delsonstech/.m2/repository/org/yaml/snakeyaml/1.33/snakeyaml-1.33.jar:/Users/delsonstech/.m2/repository/org/springframework/boot/spring-boot-starter-json/3.1.5/spring-boot-starter-json-3.1.5.jar:/Users/delsonstech/.m2/repository/com/fasterxml/jackson/datatype/jackson-datatype-jdk8/2.15.3/jackson-datatype-jdk8-2.15.3.jar:/Users/delsonstech/.m2/repository/com/fasterxml/jackson/module/jackson-module-parameter-names/2.15.3/jackson-module-parameter-names-2.15.3.jar:/Users/delsonstech/.m2/repository/org/springframework/boot/spring-boot-starter-tomcat/3.1.5/spring-boot-starter-tomcat-3.1.5.jar:/Users/delsonstech/.m2/repository/org/apache/tomcat/embed/tomcat-embed-core/10.1.15/tomcat-embed-core-10.1.15.jar:/Users/delsonstech/.m2/repository/org/apache/tomcat/embed/tomcat-embed-el/10.1.15/tomcat-embed-el-10.1.15.jar:/Users/delsonstech/.m2/repository/org/apache/tomcat/embed/tomcat-embed-websocket/10.1.15/tomcat-embed-websocket-10.1.15.jar:/Users/delsonstech/.m2/repository/org/springframework/spring-web/6.0.13/spring-web-6.0.13.jar:/Users/delsonstech/.m2/repository/org/springframework/spring-beans/6.0.13/spring-beans-6.0.13.jar:/Users/delsonstech/.m2/repository/io/micrometer/micrometer-observation/1.11.5/micrometer-observation-1.11.5.jar:/Users/delsonstech/.m2/repository/io/micrometer/micrometer-commons/1.11.5/micrometer-commons-1.11.5.jar:/Users/delsonstech/.m2/repository/org/springframework/spring-webmvc/6.0.13/spring-webmvc-6.0.13.jar:/Users/delsonstech/.m2/repository/org/springframework/spring-aop/6.0.13/spring-aop-6.0.13.jar:/Users/delsonstech/.m2/repository/org/springframework/spring-context/6.0.13/spring-context-6.0.13.jar:/Users/delsonstech/.m2/repository/org/springframework/spring-expression/6.0.13/spring-expression-6.0.13.jar:/Users/delsonstech/.m2/repository/org/modelmapper/modelmapper/2.4.4/modelmapper-2.4.4.jar:/Users/delsonstech/.m2/repository/org/springframework/boot/spring-boot-starter-mail/3.1.5/spring-boot-starter-mail-3.1.5.jar:/Users/delsonstech/.m2/repository/org/springframework/spring-context-support/6.0.13/spring-context-support-6.0.13.jar:/Users/delsonstech/.m2/repository/org/eclipse/angus/jakarta.mail/1.1.0/jakarta.mail-1.1.0.jar:/Users/delsonstech/.m2/repository/jakarta/activation/jakarta.activation-api/2.1.2/jakarta.activation-api-2.1.2.jar:/Users/delsonstech/.m2/repository/org/eclipse/angus/angus-activation/2.0.1/angus-activation-2.0.1.jar:/Users/delsonstech/.m2/repository/javax/validation/validation-api/2.0.1.Final/validation-api-2.0.1.Final.jar:/Users/delsonstech/.m2/repository/org/springframework/security/spring-security-test/6.1.5/spring-security-test-6.1.5.jar:/Users/delsonstech/.m2/repository/org/springframework/security/spring-security-core/6.1.5/spring-security-core-6.1.5.jar:/Users/delsonstech/.m2/repository/org/springframework/security/spring-security-crypto/6.1.5/spring-security-crypto-6.1.5.jar:/Users/delsonstech/.m2/repository/org/springframework/security/spring-security-web/6.1.5/spring-security-web-6.1.5.jar:/Users/delsonstech/.m2/repository/org/springframework/spring-core/6.0.13/spring-core-6.0.13.jar:/Users/delsonstech/.m2/repository/org/springframework/spring-jcl/6.0.13/spring-jcl-6.0.13.jar:/Users/delsonstech/.m2/repository/org/springframework/spring-test/6.0.13/spring-test-6.0.13.jar:/Users/delsonstech/.m2/repository/org/springframework/boot/spring-boot-starter-oauth2-resource-server/3.1.5/spring-boot-starter-oauth2-resource-server-3.1.5.jar:/Users/delsonstech/.m2/repository/org/springframework/security/spring-security-config/6.1.5/spring-security-config-6.1.5.jar:/Users/delsonstech/.m2/repository/org/springframework/security/spring-security-oauth2-resource-server/6.1.5/spring-security-oauth2-resource-server-6.1.5.jar:/Users/delsonstech/.m2/repository/org/springframework/security/spring-security-oauth2-core/6.1.5/spring-security-oauth2-core-6.1.5.jar:/Users/delsonstech/.m2/repository/org/springframework/security/spring-security-oauth2-jose/6.1.5/spring-security-oauth2-jose-6.1.5.jar:/Users/delsonstech/.m2/repository/com/nimbusds/nimbus-jose-jwt/9.24.4/nimbus-jose-jwt-9.24.4.jar:/Users/delsonstech/.m2/repository/com/github/stephenc/jcip/jcip-annotations/1.0-1/jcip-annotations-1.0-1.jar:/Users/delsonstech/.m2/repository/org/springframework/boot/spring-boot-starter-amqp/3.1.5/spring-boot-starter-amqp-3.1.5.jar:/Users/delsonstech/.m2/repository/org/springframework/spring-messaging/6.0.13/spring-messaging-6.0.13.jar:/Users/delsonstech/.m2/repository/org/springframework/amqp/spring-rabbit/3.0.10/spring-rabbit-3.0.10.jar:/Users/delsonstech/.m2/repository/org/springframework/amqp/spring-amqp/3.0.10/spring-amqp-3.0.10.jar:/Users/delsonstech/.m2/repository/org/springframework/retry/spring-retry/2.0.4/spring-retry-2.0.4.jar:/Users/delsonstech/.m2/repository/org/springframework/spring-tx/6.0.13/spring-tx-6.0.13.jar:/Users/delsonstech/.m2/repository/org/springframework/boot/spring-boot-starter-data-jpa/3.1.5/spring-boot-starter-data-jpa-3.1.5.jar:/Users/delsonstech/.m2/repository/org/springframework/boot/spring-boot-starter-aop/3.1.5/spring-boot-starter-aop-3.1.5.jar:/Users/delsonstech/.m2/repository/org/aspectj/aspectjweaver/1.9.20/aspectjweaver-1.9.20.jar:/Users/delsonstech/.m2/repository/org/springframework/boot/spring-boot-starter-jdbc/3.1.5/spring-boot-starter-jdbc-3.1.5.jar:/Users/delsonstech/.m2/repository/com/zaxxer/HikariCP/5.0.1/HikariCP-5.0.1.jar:/Users/delsonstech/.m2/repository/org/springframework/spring-jdbc/6.0.13/spring-jdbc-6.0.13.jar:/Users/delsonstech/.m2/repository/org/hibernate/orm/hibernate-core/6.2.13.Final/hibernate-core-6.2.13.Final.jar:/Users/delsonstech/.m2/repository/jakarta/persistence/jakarta.persistence-api/3.1.0/jakarta.persistence-api-3.1.0.jar:/Users/delsonstech/.m2/repository/jakarta/transaction/jakarta.transaction-api/2.0.1/jakarta.transaction-api-2.0.1.jar:/Users/delsonstech/.m2/repository/org/jboss/logging/jboss-logging/3.5.3.Final/jboss-logging-3.5.3.Final.jar:/Users/delsonstech/.m2/repository/org/hibernate/common/hibernate-commons-annotations/6.0.6.Final/hibernate-commons-annotations-6.0.6.Final.jar:/Users/delsonstech/.m2/repository/io/smallrye/jandex/3.0.5/jandex-3.0.5.jar:/Users/delsonstech/.m2/repository/com/fasterxml/classmate/1.5.1/classmate-1.5.1.jar:/Users/delsonstech/.m2/repository/net/bytebuddy/byte-buddy/1.14.9/byte-buddy-1.14.9.jar:/Users/delsonstech/.m2/repository/org/glassfish/jaxb/jaxb-runtime/4.0.3/jaxb-runtime-4.0.3.jar:/Users/delsonstech/.m2/repository/org/glassfish/jaxb/jaxb-core/4.0.3/jaxb-core-4.0.3.jar:/Users/delsonstech/.m2/repository/org/glassfish/jaxb/txw2/4.0.3/txw2-4.0.3.jar:/Users/delsonstech/.m2/repository/com/sun/istack/istack-commons-runtime/4.1.2/istack-commons-runtime-4.1.2.jar:/Users/delsonstech/.m2/repository/jakarta/inject/jakarta.inject-api/2.0.1/jakarta.inject-api-2.0.1.jar:/Users/delsonstech/.m2/repository/org/antlr/antlr4-runtime/4.10.1/antlr4-runtime-4.10.1.jar:/Users/delsonstech/.m2/repository/org/springframework/data/spring-data-jpa/3.1.5/spring-data-jpa-3.1.5.jar:/Users/delsonstech/.m2/repository/org/springframework/data/spring-data-commons/3.1.5/spring-data-commons-3.1.5.jar:/Users/delsonstech/.m2/repository/org/springframework/spring-orm/6.0.13/spring-orm-6.0.13.jar:/Users/delsonstech/.m2/repository/org/springframework/spring-aspects/6.0.13/spring-aspects-6.0.13.jar:/Users/delsonstech/.m2/repository/org/springframework/boot/spring-boot-devtools/3.1.5/spring-boot-devtools-3.1.5.jar:/Users/delsonstech/.m2/repository/org/springframework/boot/spring-boot/3.1.5/spring-boot-3.1.5.jar:/Users/delsonstech/.m2/repository/org/springframework/boot/spring-boot-autoconfigure/3.1.5/spring-boot-autoconfigure-3.1.5.jar:/Users/delsonstech/.m2/repository/com/mysql/mysql-connector-j/8.0.33/mysql-connector-j-8.0.33.jar:/Users/delsonstech/.m2/repository/org/projectlombok/lombok/1.18.30/lombok-1.18.30.jar:/Users/delsonstech/.m2/repository/org/springframework/boot/spring-boot-starter-test/3.1.5/spring-boot-starter-test-3.1.5.jar:/Users/delsonstech/.m2/repository/org/springframework/boot/spring-boot-test/3.1.5/spring-boot-test-3.1.5.jar:/Users/delsonstech/.m2/repository/org/springframework/boot/spring-boot-test-autoconfigure/3.1.5/spring-boot-test-autoconfigure-3.1.5.jar:/Users/delsonstech/.m2/repository/com/jayway/jsonpath/json-path/2.8.0/json-path-2.8.0.jar:/Users/delsonstech/.m2/repository/jakarta/xml/bind/jakarta.xml.bind-api/4.0.1/jakarta.xml.bind-api-4.0.1.jar:/Users/delsonstech/.m2/repository/net/minidev/json-smart/2.4.11/json-smart-2.4.11.jar:/Users/delsonstech/.m2/repository/net/minidev/accessors-smart/2.4.11/accessors-smart-2.4.11.jar:/Users/delsonstech/.m2/repository/org/ow2/asm/asm/9.3/asm-9.3.jar:/Users/delsonstech/.m2/repository/org/assertj/assertj-core/3.24.2/assertj-core-3.24.2.jar:/Users/delsonstech/.m2/repository/org/hamcrest/hamcrest/2.2/hamcrest-2.2.jar:/Users/delsonstech/.m2/repository/org/junit/jupiter/junit-jupiter/5.9.3/junit-jupiter-5.9.3.jar:/Users/delsonstech/.m2/repository/org/junit/jupiter/junit-jupiter-api/5.9.3/junit-jupiter-api-5.9.3.jar:/Users/delsonstech/.m2/repository/org/opentest4j/opentest4j/1.2.0/opentest4j-1.2.0.jar:/Users/delsonstech/.m2/repository/org/junit/platform/junit-platform-commons/1.9.3/junit-platform-commons-1.9.3.jar:/Users/delsonstech/.m2/repository/org/apiguardian/apiguardian-api/1.1.2/apiguardian-api-1.1.2.jar:/Users/delsonstech/.m2/repository/org/junit/jupiter/junit-jupiter-params/5.9.3/junit-jupiter-params-5.9.3.jar:/Users/delsonstech/.m2/repository/org/junit/jupiter/junit-jupiter-engine/5.9.3/junit-jupiter-engine-5.9.3.jar:/Users/delsonstech/.m2/repository/org/junit/platform/junit-platform-engine/1.9.3/junit-platform-engine-1.9.3.jar:/Users/delsonstech/.m2/repository/org/mockito/mockito-core/5.3.1/mockito-core-5.3.1.jar:/Users/delsonstech/.m2/repository/net/bytebuddy/byte-buddy-agent/1.14.9/byte-buddy-agent-1.14.9.jar:/Users/delsonstech/.m2/repository/org/objenesis/objenesis/3.3/objenesis-3.3.jar:/Users/delsonstech/.m2/repository/org/mockito/mockito-junit-jupiter/5.3.1/mockito-junit-jupiter-5.3.1.jar:/Users/delsonstech/.m2/repository/org/skyscreamer/jsonassert/1.5.1/jsonassert-1.5.1.jar:/Users/delsonstech/.m2/repository/com/vaadin/external/google/android-json/0.0.20131108.vaadin1/android-json-0.0.20131108.vaadin1.jar:/Users/delsonstech/.m2/repository/org/xmlunit/xmlunit-core/2.9.1/xmlunit-core-2.9.1.jar:/Users/delsonstech/.m2/repository/com/rabbitmq/amqp-client/5.20.0/amqp-client-5.20.0.jar:/Users/delsonstech/.m2/repository/org/slf4j/slf4j-api/2.0.9/slf4j-api-2.0.9.jar:/Users/delsonstech/.m2/repository/org/springdoc/springdoc-openapi-starter-webmvc-ui/2.0.0-M4/springdoc-openapi-starter-webmvc-ui-2.0.0-M4.jar:/Users/delsonstech/.m2/repository/org/springdoc/springdoc-openapi-starter-webmvc-api/2.0.0-M4/springdoc-openapi-starter-webmvc-api-2.0.0-M4.jar:/Users/delsonstech/.m2/repository/org/springdoc/springdoc-openapi-starter-common/2.0.0-M4/springdoc-openapi-starter-common-2.0.0-M4.jar:/Users/delsonstech/.m2/repository/io/swagger/core/v3/swagger-core-jakarta/2.2.2/swagger-core-jakarta-2.2.2.jar:/Users/delsonstech/.m2/repository/org/apache/commons/commons-lang3/3.12.0/commons-lang3-3.12.0.jar:/Users/delsonstech/.m2/repository/io/swagger/core/v3/swagger-annotations-jakarta/2.2.2/swagger-annotations-jakarta-2.2.2.jar:/Users/delsonstech/.m2/repository/io/swagger/core/v3/swagger-models-jakarta/2.2.2/swagger-models-jakarta-2.2.2.jar:/Users/delsonstech/.m2/repository/jakarta/validation/jakarta.validation-api/3.0.2/jakarta.validation-api-3.0.2.jar:/Users/delsonstech/.m2/repository/com/fasterxml/jackson/dataformat/jackson-dataformat-yaml/2.15.3/jackson-dataformat-yaml-2.15.3.jar:/Users/delsonstech/.m2/repository/org/webjars/swagger-ui/4.13.2/swagger-ui-4.13.2.jar:/Users/delsonstech/.m2/repository/org/webjars/webjars-locator-core/0.52/webjars-locator-core-0.52.jar:/Users/delsonstech/.m2/repository/io/github/classgraph/classgraph/4.8.149/classgraph-4.8.149.jar:/Users/delsonstech/.m2/repository/com/github/AfricasTalkingLtd/africastalking-java/core/3.4.11/core-3.4.11.jar:/Users/delsonstech/.m2/repository/org/springframework/boot/spring-boot-starter-data-redis/3.1.5/spring-boot-starter-data-redis-3.1.5.jar:/Users/delsonstech/.m2/repository/org/springframework/data/spring-data-redis/3.1.5/spring-data-redis-3.1.5.jar:/Users/delsonstech/.m2/repository/org/springframework/data/spring-data-keyvalue/3.1.5/spring-data-keyvalue-3.1.5.jar:/Users/delsonstech/.m2/repository/org/springframework/spring-oxm/6.0.13/spring-oxm-6.0.13.jar:/Users/delsonstech/.m2/repository/io/lettuce/lettuce-core/6.2.6.RELEASE/lettuce-core-6.2.6.RELEASE.jar:/Users/delsonstech/.m2/repository/io/netty/netty-common/4.1.100.Final/netty-common-4.1.100.Final.jar:/Users/delsonstech/.m2/repository/io/netty/netty-handler/4.1.100.Final/netty-handler-4.1.100.Final.jar:/Users/delsonstech/.m2/repository/io/netty/netty-resolver/4.1.100.Final/netty-resolver-4.1.100.Final.jar:/Users/delsonstech/.m2/repository/io/netty/netty-buffer/4.1.100.Final/netty-buffer-4.1.100.Final.jar:/Users/delsonstech/.m2/repository/io/netty/netty-transport-native-unix-common/4.1.100.Final/netty-transport-native-unix-common-4.1.100.Final.jar:/Users/delsonstech/.m2/repository/io/netty/netty-codec/4.1.100.Final/netty-codec-4.1.100.Final.jar:/Users/delsonstech/.m2/repository/io/netty/netty-transport/4.1.100.Final/netty-transport-4.1.100.Final.jar:/Users/delsonstech/.m2/repository/io/projectreactor/reactor-core/3.5.11/reactor-core-3.5.11.jar:/Users/delsonstech/.m2/repository/org/reactivestreams/reactive-streams/1.0.4/reactive-streams-1.0.4.jar:/Users/delsonstech/.m2/repository/redis/clients/jedis/4.3.2/jedis-4.3.2.jar:/Users/delsonstech/.m2/repository/org/apache/commons/commons-pool2/2.11.1/commons-pool2-2.11.1.jar:/Users/delsonstech/.m2/repository/org/json/json/20220320/json-20220320.jar:/Users/delsonstech/.m2/repository/com/google/code/gson/gson/2.10.1/gson-2.10.1.jar:/Users/delsonstech/.m2/repository/com/fasterxml/jackson/datatype/jackson-datatype-jsr310/2.15.0/jackson-datatype-jsr310-2.15.0.jar:/Users/delsonstech/.m2/repository/com/fasterxml/jackson/core/jackson-annotations/2.15.3/jackson-annotations-2.15.3.jar:/Users/delsonstech/.m2/repository/com/fasterxml/jackson/core/jackson-core/2.15.3/jackson-core-2.15.3.jar:/Users/delsonstech/.m2/repository/com/fasterxml/jackson/core/jackson-databind/2.15.3/jackson-databind-2.15.3.jar:"/>
    <property name="java.vm.vendor" value="Eclipse Adoptium"/>
    <property name="sun.arch.data.model" value="64"/>
    <property name="java.vendor.url" value="https://adoptium.net/"/>
    <property name="user.timezone" value="Africa/Lagos"/>
    <property name="org.jboss.logging.provider" value="slf4j"/>
    <property name="os.name" value="Mac OS X"/>
    <property name="java.vm.specification.version" value="21"/>
    <property name="sun.java.launcher" value="SUN_STANDARD"/>
    <property name="user.country" value="NG"/>
    <property name="sun.boot.library.path" value="/Library/Java/JavaVirtualMachines/temurin-21.jdk/Contents/Home/lib"/>
    <property name="sun.java.command" value="/Users/delsonstech/Documents/GitHub/wm-notification-app/target/surefire/surefirebooter-20240913094154665_3.jar /Users/delsonstech/Documents/GitHub/wm-notification-app/target/surefire 2024-09-13T09-41-54_548-jvmRun1 surefire-20240913094154665_1tmp surefire_0-20240913094154665_2tmp"/>
    <property name="http.nonProxyHosts" value="local|*.local|169.254/16|*.169.254/16"/>
    <property name="jdk.debug" value="release"/>
    <property name="surefire.test.class.path" value="/Users/delsonstech/Documents/GitHub/wm-notification-app/target/test-classes:/Users/delsonstech/Documents/GitHub/wm-notification-app/target/classes:/Users/delsonstech/.m2/repository/org/springframework/boot/spring-boot-starter-web/3.1.5/spring-boot-starter-web-3.1.5.jar:/Users/delsonstech/.m2/repository/org/springframework/boot/spring-boot-starter/3.1.5/spring-boot-starter-3.1.5.jar:/Users/delsonstech/.m2/repository/org/springframework/boot/spring-boot-starter-logging/3.1.5/spring-boot-starter-logging-3.1.5.jar:/Users/delsonstech/.m2/repository/ch/qos/logback/logback-classic/1.4.11/logback-classic-1.4.11.jar:/Users/delsonstech/.m2/repository/ch/qos/logback/logback-core/1.4.11/logback-core-1.4.11.jar:/Users/delsonstech/.m2/repository/org/apache/logging/log4j/log4j-to-slf4j/2.20.0/log4j-to-slf4j-2.20.0.jar:/Users/delsonstech/.m2/repository/org/apache/logging/log4j/log4j-api/2.20.0/log4j-api-2.20.0.jar:/Users/delsonstech/.m2/repository/org/slf4j/jul-to-slf4j/2.0.9/jul-to-slf4j-2.0.9.jar:/Users/delsonstech/.m2/repository/jakarta/annotation/jakarta.annotation-api/2.1.1/jakarta.annotation-api-2.1.1.jar:/Users/delsonstech/.m2/repository/org/yaml/snakeyaml/1.33/snakeyaml-1.33.jar:/Users/delsonstech/.m2/repository/org/springframework/boot/spring-boot-starter-json/3.1.5/spring-boot-starter-json-3.1.5.jar:/Users/delsonstech/.m2/repository/com/fasterxml/jackson/datatype/jackson-datatype-jdk8/2.15.3/jackson-datatype-jdk8-2.15.3.jar:/Users/delsonstech/.m2/repository/com/fasterxml/jackson/module/jackson-module-parameter-names/2.15.3/jackson-module-parameter-names-2.15.3.jar:/Users/delsonstech/.m2/repository/org/springframework/boot/spring-boot-starter-tomcat/3.1.5/spring-boot-starter-tomcat-3.1.5.jar:/Users/delsonstech/.m2/repository/org/apache/tomcat/embed/tomcat-embed-core/10.1.15/tomcat-embed-core-10.1.15.jar:/Users/delsonstech/.m2/repository/org/apache/tomcat/embed/tomcat-embed-el/10.1.15/tomcat-embed-el-10.1.15.jar:/Users/delsonstech/.m2/repository/org/apache/tomcat/embed/tomcat-embed-websocket/10.1.15/tomcat-embed-websocket-10.1.15.jar:/Users/delsonstech/.m2/repository/org/springframework/spring-web/6.0.13/spring-web-6.0.13.jar:/Users/delsonstech/.m2/repository/org/springframework/spring-beans/6.0.13/spring-beans-6.0.13.jar:/Users/delsonstech/.m2/repository/io/micrometer/micrometer-observation/1.11.5/micrometer-observation-1.11.5.jar:/Users/delsonstech/.m2/repository/io/micrometer/micrometer-commons/1.11.5/micrometer-commons-1.11.5.jar:/Users/delsonstech/.m2/repository/org/springframework/spring-webmvc/6.0.13/spring-webmvc-6.0.13.jar:/Users/delsonstech/.m2/repository/org/springframework/spring-aop/6.0.13/spring-aop-6.0.13.jar:/Users/delsonstech/.m2/repository/org/springframework/spring-context/6.0.13/spring-context-6.0.13.jar:/Users/delsonstech/.m2/repository/org/springframework/spring-expression/6.0.13/spring-expression-6.0.13.jar:/Users/delsonstech/.m2/repository/org/modelmapper/modelmapper/2.4.4/modelmapper-2.4.4.jar:/Users/delsonstech/.m2/repository/org/springframework/boot/spring-boot-starter-mail/3.1.5/spring-boot-starter-mail-3.1.5.jar:/Users/delsonstech/.m2/repository/org/springframework/spring-context-support/6.0.13/spring-context-support-6.0.13.jar:/Users/delsonstech/.m2/repository/org/eclipse/angus/jakarta.mail/1.1.0/jakarta.mail-1.1.0.jar:/Users/delsonstech/.m2/repository/jakarta/activation/jakarta.activation-api/2.1.2/jakarta.activation-api-2.1.2.jar:/Users/delsonstech/.m2/repository/org/eclipse/angus/angus-activation/2.0.1/angus-activation-2.0.1.jar:/Users/delsonstech/.m2/repository/javax/validation/validation-api/2.0.1.Final/validation-api-2.0.1.Final.jar:/Users/delsonstech/.m2/repository/org/springframework/security/spring-security-test/6.1.5/spring-security-test-6.1.5.jar:/Users/delsonstech/.m2/repository/org/springframework/security/spring-security-core/6.1.5/spring-security-core-6.1.5.jar:/Users/delsonstech/.m2/repository/org/springframework/security/spring-security-crypto/6.1.5/spring-security-crypto-6.1.5.jar:/Users/delsonstech/.m2/repository/org/springframework/security/spring-security-web/6.1.5/spring-security-web-6.1.5.jar:/Users/delsonstech/.m2/repository/org/springframework/spring-core/6.0.13/spring-core-6.0.13.jar:/Users/delsonstech/.m2/repository/org/springframework/spring-jcl/6.0.13/spring-jcl-6.0.13.jar:/Users/delsonstech/.m2/repository/org/springframework/spring-test/6.0.13/spring-test-6.0.13.jar:/Users/delsonstech/.m2/repository/org/springframework/boot/spring-boot-starter-oauth2-resource-server/3.1.5/spring-boot-starter-oauth2-resource-server-3.1.5.jar:/Users/delsonstech/.m2/repository/org/springframework/security/spring-security-config/6.1.5/spring-security-config-6.1.5.jar:/Users/delsonstech/.m2/repository/org/springframework/security/spring-security-oauth2-resource-server/6.1.5/spring-security-oauth2-resource-server-6.1.5.jar:/Users/delsonstech/.m2/repository/org/springframework/security/spring-security-oauth2-core/6.1.5/spring-security-oauth2-core-6.1.5.jar:/Users/delsonstech/.m2/repository/org/springframework/security/spring-security-oauth2-jose/6.1.5/spring-security-oauth2-jose-6.1.5.jar:/Users/delsonstech/.m2/repository/com/nimbusds/nimbus-jose-jwt/9.24.4/nimbus-jose-jwt-9.24.4.jar:/Users/delsonstech/.m2/repository/com/github/stephenc/jcip/jcip-annotations/1.0-1/jcip-annotations-1.0-1.jar:/Users/delsonstech/.m2/repository/org/springframework/boot/spring-boot-starter-amqp/3.1.5/spring-boot-starter-amqp-3.1.5.jar:/Users/delsonstech/.m2/repository/org/springframework/spring-messaging/6.0.13/spring-messaging-6.0.13.jar:/Users/delsonstech/.m2/repository/org/springframework/amqp/spring-rabbit/3.0.10/spring-rabbit-3.0.10.jar:/Users/delsonstech/.m2/repository/org/springframework/amqp/spring-amqp/3.0.10/spring-amqp-3.0.10.jar:/Users/delsonstech/.m2/repository/org/springframework/retry/spring-retry/2.0.4/spring-retry-2.0.4.jar:/Users/delsonstech/.m2/repository/org/springframework/spring-tx/6.0.13/spring-tx-6.0.13.jar:/Users/delsonstech/.m2/repository/org/springframework/boot/spring-boot-starter-data-jpa/3.1.5/spring-boot-starter-data-jpa-3.1.5.jar:/Users/delsonstech/.m2/repository/org/springframework/boot/spring-boot-starter-aop/3.1.5/spring-boot-starter-aop-3.1.5.jar:/Users/delsonstech/.m2/repository/org/aspectj/aspectjweaver/1.9.20/aspectjweaver-1.9.20.jar:/Users/delsonstech/.m2/repository/org/springframework/boot/spring-boot-starter-jdbc/3.1.5/spring-boot-starter-jdbc-3.1.5.jar:/Users/delsonstech/.m2/repository/com/zaxxer/HikariCP/5.0.1/HikariCP-5.0.1.jar:/Users/delsonstech/.m2/repository/org/springframework/spring-jdbc/6.0.13/spring-jdbc-6.0.13.jar:/Users/delsonstech/.m2/repository/org/hibernate/orm/hibernate-core/6.2.13.Final/hibernate-core-6.2.13.Final.jar:/Users/delsonstech/.m2/repository/jakarta/persistence/jakarta.persistence-api/3.1.0/jakarta.persistence-api-3.1.0.jar:/Users/delsonstech/.m2/repository/jakarta/transaction/jakarta.transaction-api/2.0.1/jakarta.transaction-api-2.0.1.jar:/Users/delsonstech/.m2/repository/org/jboss/logging/jboss-logging/3.5.3.Final/jboss-logging-3.5.3.Final.jar:/Users/delsonstech/.m2/repository/org/hibernate/common/hibernate-commons-annotations/6.0.6.Final/hibernate-commons-annotations-6.0.6.Final.jar:/Users/delsonstech/.m2/repository/io/smallrye/jandex/3.0.5/jandex-3.0.5.jar:/Users/delsonstech/.m2/repository/com/fasterxml/classmate/1.5.1/classmate-1.5.1.jar:/Users/delsonstech/.m2/repository/net/bytebuddy/byte-buddy/1.14.9/byte-buddy-1.14.9.jar:/Users/delsonstech/.m2/repository/org/glassfish/jaxb/jaxb-runtime/4.0.3/jaxb-runtime-4.0.3.jar:/Users/delsonstech/.m2/repository/org/glassfish/jaxb/jaxb-core/4.0.3/jaxb-core-4.0.3.jar:/Users/delsonstech/.m2/repository/org/glassfish/jaxb/txw2/4.0.3/txw2-4.0.3.jar:/Users/delsonstech/.m2/repository/com/sun/istack/istack-commons-runtime/4.1.2/istack-commons-runtime-4.1.2.jar:/Users/delsonstech/.m2/repository/jakarta/inject/jakarta.inject-api/2.0.1/jakarta.inject-api-2.0.1.jar:/Users/delsonstech/.m2/repository/org/antlr/antlr4-runtime/4.10.1/antlr4-runtime-4.10.1.jar:/Users/delsonstech/.m2/repository/org/springframework/data/spring-data-jpa/3.1.5/spring-data-jpa-3.1.5.jar:/Users/delsonstech/.m2/repository/org/springframework/data/spring-data-commons/3.1.5/spring-data-commons-3.1.5.jar:/Users/delsonstech/.m2/repository/org/springframework/spring-orm/6.0.13/spring-orm-6.0.13.jar:/Users/delsonstech/.m2/repository/org/springframework/spring-aspects/6.0.13/spring-aspects-6.0.13.jar:/Users/delsonstech/.m2/repository/org/springframework/boot/spring-boot-devtools/3.1.5/spring-boot-devtools-3.1.5.jar:/Users/delsonstech/.m2/repository/org/springframework/boot/spring-boot/3.1.5/spring-boot-3.1.5.jar:/Users/delsonstech/.m2/repository/org/springframework/boot/spring-boot-autoconfigure/3.1.5/spring-boot-autoconfigure-3.1.5.jar:/Users/delsonstech/.m2/repository/com/mysql/mysql-connector-j/8.0.33/mysql-connector-j-8.0.33.jar:/Users/delsonstech/.m2/repository/org/projectlombok/lombok/1.18.30/lombok-1.18.30.jar:/Users/delsonstech/.m2/repository/org/springframework/boot/spring-boot-starter-test/3.1.5/spring-boot-starter-test-3.1.5.jar:/Users/delsonstech/.m2/repository/org/springframework/boot/spring-boot-test/3.1.5/spring-boot-test-3.1.5.jar:/Users/delsonstech/.m2/repository/org/springframework/boot/spring-boot-test-autoconfigure/3.1.5/spring-boot-test-autoconfigure-3.1.5.jar:/Users/delsonstech/.m2/repository/com/jayway/jsonpath/json-path/2.8.0/json-path-2.8.0.jar:/Users/delsonstech/.m2/repository/jakarta/xml/bind/jakarta.xml.bind-api/4.0.1/jakarta.xml.bind-api-4.0.1.jar:/Users/delsonstech/.m2/repository/net/minidev/json-smart/2.4.11/json-smart-2.4.11.jar:/Users/delsonstech/.m2/repository/net/minidev/accessors-smart/2.4.11/accessors-smart-2.4.11.jar:/Users/delsonstech/.m2/repository/org/ow2/asm/asm/9.3/asm-9.3.jar:/Users/delsonstech/.m2/repository/org/assertj/assertj-core/3.24.2/assertj-core-3.24.2.jar:/Users/delsonstech/.m2/repository/org/hamcrest/hamcrest/2.2/hamcrest-2.2.jar:/Users/delsonstech/.m2/repository/org/junit/jupiter/junit-jupiter/5.9.3/junit-jupiter-5.9.3.jar:/Users/delsonstech/.m2/repository/org/junit/jupiter/junit-jupiter-api/5.9.3/junit-jupiter-api-5.9.3.jar:/Users/delsonstech/.m2/repository/org/opentest4j/opentest4j/1.2.0/opentest4j-1.2.0.jar:/Users/delsonstech/.m2/repository/org/junit/platform/junit-platform-commons/1.9.3/junit-platform-commons-1.9.3.jar:/Users/delsonstech/.m2/repository/org/apiguardian/apiguardian-api/1.1.2/apiguardian-api-1.1.2.jar:/Users/delsonstech/.m2/repository/org/junit/jupiter/junit-jupiter-params/5.9.3/junit-jupiter-params-5.9.3.jar:/Users/delsonstech/.m2/repository/org/junit/jupiter/junit-jupiter-engine/5.9.3/junit-jupiter-engine-5.9.3.jar:/Users/delsonstech/.m2/repository/org/junit/platform/junit-platform-engine/1.9.3/junit-platform-engine-1.9.3.jar:/Users/delsonstech/.m2/repository/org/mockito/mockito-core/5.3.1/mockito-core-5.3.1.jar:/Users/delsonstech/.m2/repository/net/bytebuddy/byte-buddy-agent/1.14.9/byte-buddy-agent-1.14.9.jar:/Users/delsonstech/.m2/repository/org/objenesis/objenesis/3.3/objenesis-3.3.jar:/Users/delsonstech/.m2/repository/org/mockito/mockito-junit-jupiter/5.3.1/mockito-junit-jupiter-5.3.1.jar:/Users/delsonstech/.m2/repository/org/skyscreamer/jsonassert/1.5.1/jsonassert-1.5.1.jar:/Users/delsonstech/.m2/repository/com/vaadin/external/google/android-json/0.0.20131108.vaadin1/android-json-0.0.20131108.vaadin1.jar:/Users/delsonstech/.m2/repository/org/xmlunit/xmlunit-core/2.9.1/xmlunit-core-2.9.1.jar:/Users/delsonstech/.m2/repository/com/rabbitmq/amqp-client/5.20.0/amqp-client-5.20.0.jar:/Users/delsonstech/.m2/repository/org/slf4j/slf4j-api/2.0.9/slf4j-api-2.0.9.jar:/Users/delsonstech/.m2/repository/org/springdoc/springdoc-openapi-starter-webmvc-ui/2.0.0-M4/springdoc-openapi-starter-webmvc-ui-2.0.0-M4.jar:/Users/delsonstech/.m2/repository/org/springdoc/springdoc-openapi-starter-webmvc-api/2.0.0-M4/springdoc-openapi-starter-webmvc-api-2.0.0-M4.jar:/Users/delsonstech/.m2/repository/org/springdoc/springdoc-openapi-starter-common/2.0.0-M4/springdoc-openapi-starter-common-2.0.0-M4.jar:/Users/delsonstech/.m2/repository/io/swagger/core/v3/swagger-core-jakarta/2.2.2/swagger-core-jakarta-2.2.2.jar:/Users/delsonstech/.m2/repository/org/apache/commons/commons-lang3/3.12.0/commons-lang3-3.12.0.jar:/Users/delsonstech/.m2/repository/io/swagger/core/v3/swagger-annotations-jakarta/2.2.2/swagger-annotations-jakarta-2.2.2.jar:/Users/delsonstech/.m2/repository/io/swagger/core/v3/swagger-models-jakarta/2.2.2/swagger-models-jakarta-2.2.2.jar:/Users/delsonstech/.m2/repository/jakarta/validation/jakarta.validation-api/3.0.2/jakarta.validation-api-3.0.2.jar:/Users/delsonstech/.m2/repository/com/fasterxml/jackson/dataformat/jackson-dataformat-yaml/2.15.3/jackson-dataformat-yaml-2.15.3.jar:/Users/delsonstech/.m2/repository/org/webjars/swagger-ui/4.13.2/swagger-ui-4.13.2.jar:/Users/delsonstech/.m2/repository/org/webjars/webjars-locator-core/0.52/webjars-locator-core-0.52.jar:/Users/delsonstech/.m2/repository/io/github/classgraph/classgraph/4.8.149/classgraph-4.8.149.jar:/Users/delsonstech/.m2/repository/com/github/AfricasTalkingLtd/africastalking-java/core/3.4.11/core-3.4.11.jar:/Users/delsonstech/.m2/repository/org/springframework/boot/spring-boot-starter-data-redis/3.1.5/spring-boot-starter-data-redis-3.1.5.jar:/Users/delsonstech/.m2/repository/org/springframework/data/spring-data-redis/3.1.5/spring-data-redis-3.1.5.jar:/Users/delsonstech/.m2/repository/org/springframework/data/spring-data-keyvalue/3.1.5/spring-data-keyvalue-3.1.5.jar:/Users/delsonstech/.m2/repository/org/springframework/spring-oxm/6.0.13/spring-oxm-6.0.13.jar:/Users/delsonstech/.m2/repository/io/lettuce/lettuce-core/6.2.6.RELEASE/lettuce-core-6.2.6.RELEASE.jar:/Users/delsonstech/.m2/repository/io/netty/netty-common/4.1.100.Final/netty-common-4.1.100.Final.jar:/Users/delsonstech/.m2/repository/io/netty/netty-handler/4.1.100.Final/netty-handler-4.1.100.Final.jar:/Users/delsonstech/.m2/repository/io/netty/netty-resolver/4.1.100.Final/netty-resolver-4.1.100.Final.jar:/Users/delsonstech/.m2/repository/io/netty/netty-buffer/4.1.100.Final/netty-buffer-4.1.100.Final.jar:/Users/delsonstech/.m2/repository/io/netty/netty-transport-native-unix-common/4.1.100.Final/netty-transport-native-unix-common-4.1.100.Final.jar:/Users/delsonstech/.m2/repository/io/netty/netty-codec/4.1.100.Final/netty-codec-4.1.100.Final.jar:/Users/delsonstech/.m2/repository/io/netty/netty-transport/4.1.100.Final/netty-transport-4.1.100.Final.jar:/Users/delsonstech/.m2/repository/io/projectreactor/reactor-core/3.5.11/reactor-core-3.5.11.jar:/Users/delsonstech/.m2/repository/org/reactivestreams/reactive-streams/1.0.4/reactive-streams-1.0.4.jar:/Users/delsonstech/.m2/repository/redis/clients/jedis/4.3.2/jedis-4.3.2.jar:/Users/delsonstech/.m2/repository/org/apache/commons/commons-pool2/2.11.1/commons-pool2-2.11.1.jar:/Users/delsonstech/.m2/repository/org/json/json/20220320/json-20220320.jar:/Users/delsonstech/.m2/repository/com/google/code/gson/gson/2.10.1/gson-2.10.1.jar:/Users/delsonstech/.m2/repository/com/fasterxml/jackson/datatype/jackson-datatype-jsr310/2.15.0/jackson-datatype-jsr310-2.15.0.jar:/Users/delsonstech/.m2/repository/com/fasterxml/jackson/core/jackson-annotations/2.15.3/jackson-annotations-2.15.3.jar:/Users/delsonstech/.m2/repository/com/fasterxml/jackson/core/jackson-core/2.15.3/jackson-core-2.15.3.jar:/Users/delsonstech/.m2/repository/com/fasterxml/jackson/core/jackson-databind/2.15.3/jackson-databind-2.15.3.jar:"/>
    <property name="sun.cpu.endian" value="little"/>
    <property name="user.home" value="/Users/delsonstech"/>
    <property name="user.language" value="en"/>
    <property name="java.specification.vendor" value="Oracle Corporation"/>
    <property name="java.version.date" value="2024-04-16"/>
    <property name="java.home" value="/Library/Java/JavaVirtualMachines/temurin-21.jdk/Contents/Home"/>
    <property name="file.separator" value="/"/>
    <property name="basedir" value="/Users/delsonstech/Documents/GitHub/wm-notification-app"/>
    <property name="java.vm.compressedOopsMode" value="Zero based"/>
    <property name="line.separator" value="&#10;"/>
    <property name="java.vm.specification.vendor" value="Oracle Corporation"/>
    <property name="java.specification.name" value="Java Platform API Specification"/>
    <property name="FILE_LOG_CHARSET" value="UTF-8"/>
    <property name="java.awt.headless" value="true"/>
    <property name="apple.awt.application.name" value="ForkedBooter"/>
    <property name="surefire.real.class.path" value="/Users/delsonstech/Documents/GitHub/wm-notification-app/target/surefire/surefirebooter-20240913094154665_3.jar"/>
    <property name="sun.management.compiler" value="HotSpot 64-Bit Tiered Compilers"/>
    <property name="ftp.nonProxyHosts" value="local|*.local|169.254/16|*.169.254/16"/>
    <property name="java.runtime.version" value="21.0.3+9-LTS"/>
    <property name="user.name" value="kiddoyahkin"/>
    <property name="stdout.encoding" value="US-ASCII"/>
    <property name="path.separator" value=":"/>
    <property name="os.version" value="12.3.1"/>
    <property name="java.runtime.name" value="OpenJDK Runtime Environment"/>
    <property name="file.encoding" value="UTF-8"/>
    <property name="java.vm.name" value="OpenJDK 64-Bit Server VM"/>
    <property name="java.vendor.version" value="Temurin-21.0.3+9"/>
    <property name="localRepository" value="/Users/delsonstech/.m2/repository"/>
    <property name="java.vendor.url.bug" value="https://github.com/adoptium/adoptium-support/issues"/>
    <property name="java.io.tmpdir" value="/var/folders/rd/z1cb0pt13_v96p2qpztj79x40000gn/T/"/>
    <property name="idea.version" value="2023.3.2"/>
    <property name="com.zaxxer.hikari.pool_number" value="1"/>
    <property name="java.version" value="21.0.3"/>
    <property name="user.dir" value="/Users/delsonstech/Documents/GitHub/wm-notification-app"/>
    <property name="os.arch" value="x86_64"/>
    <property name="java.vm.specification.name" value="Java Virtual Machine Specification"/>
    <property name="PID" value="6650"/>
    <property name="CONSOLE_LOG_CHARSET" value="UTF-8"/>
    <property name="native.encoding" value="US-ASCII"/>
    <property name="java.library.path" value="/Users/delsonstech/Library/Java/Extensions:/Library/Java/Extensions:/Network/Library/Java/Extensions:/System/Library/Java/Extensions:/usr/lib/java:."/>
    <property name="java.vm.info" value="mixed mode"/>
    <property name="stderr.encoding" value="US-ASCII"/>
    <property name="java.vendor" value="Eclipse Adoptium"/>
    <property name="java.vm.version" value="21.0.3+9-LTS"/>
    <property name="sun.io.unicode.encoding" value="UnicodeBig"/>
    <property name="socksNonProxyHosts" value="local|*.local|169.254/16|*.169.254/16"/>
    <property name="java.class.version" value="65.0"/>
  </properties>
  <testcase name="contextLoads" classname="com.wm.notification.NotificationModuleApplicationTests" time="0.722">
    <system-out><![CDATA[09:41:55.699 [main] INFO org.springframework.test.context.support.AnnotationConfigContextLoaderUtils -- Could not detect default configuration classes for test class [com.wm.notification.NotificationModuleApplicationTests]: NotificationModuleApplicationTests does not declare any static, non-private, non-final, nested classes annotated with @Configuration.
09:41:55.817 [main] INFO org.springframework.boot.test.context.SpringBootTestContextBootstrapper -- Found @SpringBootConfiguration com.wm.notification.NotificationModuleApplication for test class com.wm.notification.NotificationModuleApplicationTests
09:41:55.993 [main] INFO org.springframework.boot.devtools.restart.RestartApplicationListener -- Restart disabled due to context in which it is running

  .   ____          _            __ _ _
 /\\ / ___'_ __ _ _(_)_ __  __ _ \ \ \ \
( ( )\___ | '_ | '_| | '_ \/ _` | \ \ \ \
 \\/  ___)| |_)| | | | | || (_| |  ) ) ) )
  '  |____| .__|_| |_|_| |_\__, | / / / /
 =========|_|==============|___/=/_/_/_/
 :: Spring Boot ::                (v3.1.5)

2024-09-13T09:41:56.306+01:00  WARN 6650 --- [           main] ory$DuplicateJsonObjectContextCustomizer : 

Found multiple occurrences of org.json.JSONObject on the class path:

	jar:file:/Users/delsonstech/.m2/repository/com/vaadin/external/google/android-json/0.0.20131108.vaadin1/android-json-0.0.20131108.vaadin1.jar!/org/json/JSONObject.class
	jar:file:/Users/delsonstech/.m2/repository/org/json/json/20220320/json-20220320.jar!/org/json/JSONObject.class

You may wish to exclude one of them to ensure predictable runtime behavior

2024-09-13T09:41:56.330+01:00  INFO 6650 --- [           main] c.w.n.NotificationModuleApplicationTests : Starting NotificationModuleApplicationTests using Java 21.0.3 with PID 6650 (started by kiddoyahkin in /Users/delsonstech/Documents/GitHub/wm-notification-app)
2024-09-13T09:41:56.332+01:00  INFO 6650 --- [           main] c.w.n.NotificationModuleApplicationTests : The following 1 profile is active: "dev"
2024-09-13T09:41:57.155+01:00  INFO 6650 --- [           main] .s.d.r.c.RepositoryConfigurationDelegate : Multiple Spring Data modules found, entering strict repository configuration mode
2024-09-13T09:41:57.156+01:00  INFO 6650 --- [           main] .s.d.r.c.RepositoryConfigurationDelegate : Bootstrapping Spring Data Redis repositories in DEFAULT mode.
2024-09-13T09:41:57.182+01:00  INFO 6650 --- [           main] .s.d.r.c.RepositoryConfigurationDelegate : Finished Spring Data repository scanning in 5 ms. Found 0 Redis repository interfaces.
2024-09-13T09:41:57.506+01:00  INFO 6650 --- [           main] .s.d.r.c.RepositoryConfigurationDelegate : Multiple Spring Data modules found, entering strict repository configuration mode
2024-09-13T09:41:57.507+01:00  INFO 6650 --- [           main] .s.d.r.c.RepositoryConfigurationDelegate : Bootstrapping Spring Data JPA repositories in DEFAULT mode.
2024-09-13T09:41:57.707+01:00  INFO 6650 --- [           main] .s.d.r.c.RepositoryConfigurationDelegate : Finished Spring Data repository scanning in 196 ms. Found 3 JPA repository interfaces.
2024-09-13T09:41:57.717+01:00  INFO 6650 --- [           main] .s.d.r.c.RepositoryConfigurationDelegate : Multiple Spring Data modules found, entering strict repository configuration mode
2024-09-13T09:41:57.718+01:00  INFO 6650 --- [           main] .s.d.r.c.RepositoryConfigurationDelegate : Bootstrapping Spring Data Redis repositories in DEFAULT mode.
2024-09-13T09:41:57.728+01:00  INFO 6650 --- [           main] .RepositoryConfigurationExtensionSupport : Spring Data Redis - Could not safely identify store assignment for repository candidate interface com.wm.notification.respository.MailRepository; If you want this repository to be a Redis repository, consider annotating your entities with one of these annotations: org.springframework.data.redis.core.RedisHash (preferred), or consider extending one of the following types with your repository: org.springframework.data.keyvalue.repository.KeyValueRepository
2024-09-13T09:41:57.729+01:00  INFO 6650 --- [           main] .RepositoryConfigurationExtensionSupport : Spring Data Redis - Could not safely identify store assignment for repository candidate interface com.wm.notification.respository.NotificationRepository; If you want this repository to be a Redis repository, consider annotating your entities with one of these annotations: org.springframework.data.redis.core.RedisHash (preferred), or consider extending one of the following types with your repository: org.springframework.data.keyvalue.repository.KeyValueRepository
2024-09-13T09:41:57.730+01:00  INFO 6650 --- [           main] .RepositoryConfigurationExtensionSupport : Spring Data Redis - Could not safely identify store assignment for repository candidate interface com.wm.notification.respository.SmsRepository; If you want this repository to be a Redis repository, consider annotating your entities with one of these annotations: org.springframework.data.redis.core.RedisHash (preferred), or consider extending one of the following types with your repository: org.springframework.data.keyvalue.repository.KeyValueRepository
2024-09-13T09:41:57.730+01:00  INFO 6650 --- [           main] .s.d.r.c.RepositoryConfigurationDelegate : Finished Spring Data repository scanning in 12 ms. Found 0 Redis repository interfaces.
2024-09-13T09:41:58.519+01:00  INFO 6650 --- [           main] o.hibernate.jpa.internal.util.LogHelper  : HHH000204: Processing PersistenceUnitInfo [name: default]
2024-09-13T09:41:58.579+01:00  INFO 6650 --- [           main] org.hibernate.Version                    : HHH000412: Hibernate ORM core version 6.2.13.Final
2024-09-13T09:41:58.581+01:00  INFO 6650 --- [           main] org.hibernate.cfg.Environment            : HHH000406: Using bytecode reflection optimizer
2024-09-13T09:41:58.885+01:00  INFO 6650 --- [           main] o.s.o.j.p.SpringPersistenceUnitInfo      : No LoadTimeWeaver setup: ignoring JPA class transformer
2024-09-13T09:41:58.914+01:00  INFO 6650 --- [           main] com.zaxxer.hikari.HikariDataSource       : HikariPool-1 - Starting...
2024-09-13T09:41:59.361+01:00  INFO 6650 --- [           main] com.zaxxer.hikari.pool.HikariPool        : HikariPool-1 - Added connection com.mysql.cj.jdbc.ConnectionImpl@5cba890e
2024-09-13T09:41:59.364+01:00  INFO 6650 --- [           main] com.zaxxer.hikari.HikariDataSource       : HikariPool-1 - Start completed.
2024-09-13T09:41:59.412+01:00  WARN 6650 --- [           main] org.hibernate.orm.deprecation            : HHH90000025: MySQL8Dialect does not need to be specified explicitly using 'hibernate.dialect' (remove the property setting and it will be selected by default)
2024-09-13T09:41:59.413+01:00  WARN 6650 --- [           main] org.hibernate.orm.deprecation            : HHH90000026: MySQL8Dialect has been deprecated; use org.hibernate.dialect.MySQLDialect instead
2024-09-13T09:42:00.401+01:00  INFO 6650 --- [           main] o.h.e.t.j.p.i.JtaPlatformInitiator       : HHH000489: No JTA platform available (set 'hibernate.transaction.jta.platform' to enable JTA platform integration)
2024-09-13T09:42:00.454+01:00  INFO 6650 --- [           main] j.LocalContainerEntityManagerFactoryBean : Initialized JPA EntityManagerFactory for persistence unit 'default'
2024-09-13T09:42:01.360+01:00  WARN 6650 --- [           main] JpaBaseConfiguration$JpaWebConfiguration : spring.jpa.open-in-view is enabled by default. Therefore, database queries may be performed during view rendering. Explicitly configure spring.jpa.open-in-view to disable this warning
2024-09-13T09:42:01.780+01:00  INFO 6650 --- [           main] o.s.s.web.DefaultSecurityFilterChain     : Will secure any request with [org.springframework.security.web.session.DisableEncodeUrlFilter@20834c45, org.springframework.security.web.context.request.async.WebAsyncManagerIntegrationFilter@74061ced, org.springframework.security.web.context.SecurityContextHolderFilter@6d4f1a44, org.springframework.security.web.header.HeaderWriterFilter@5b1dd206, org.springframework.security.web.authentication.logout.LogoutFilter@66f15ce5, org.springframework.security.oauth2.server.resource.web.authentication.BearerTokenAuthenticationFilter@388b9799, org.springframework.security.web.savedrequest.RequestCacheAwareFilter@6deb2b19, org.springframework.security.web.servletapi.SecurityContextHolderAwareRequestFilter@65b639e1, org.springframework.security.web.authentication.AnonymousAuthenticationFilter@10d56aab, org.springframework.security.web.session.SessionManagementFilter@3208e15, org.springframework.security.web.access.ExceptionTranslationFilter@4a592d22, org.springframework.security.web.access.intercept.AuthorizationFilter@71acf065]
2024-09-13T09:42:01.785+01:00  WARN 6650 --- [           main] o.s.s.c.a.web.builders.WebSecurity       : You are asking Spring Security to ignore Ant [pattern='/public/**', POST]. This is not recommended -- please use permitAll via HttpSecurity#authorizeHttpRequests instead.
2024-09-13T09:42:01.785+01:00  INFO 6650 --- [           main] o.s.s.web.DefaultSecurityFilterChain     : Will not secure Ant [pattern='/public/**', POST]
2024-09-13T09:42:01.786+01:00  WARN 6650 --- [           main] o.s.s.c.a.web.builders.WebSecurity       : You are asking Spring Security to ignore Ant [pattern='/public/**', GET]. This is not recommended -- please use permitAll via HttpSecurity#authorizeHttpRequests instead.
2024-09-13T09:42:01.786+01:00  INFO 6650 --- [           main] o.s.s.web.DefaultSecurityFilterChain     : Will not secure Ant [pattern='/public/**', GET]
2024-09-13T09:42:01.786+01:00  WARN 6650 --- [           main] o.s.s.c.a.web.builders.WebSecurity       : You are asking Spring Security to ignore Ant [pattern='/public/**', DELETE]. This is not recommended -- please use permitAll via HttpSecurity#authorizeHttpRequests instead.
2024-09-13T09:42:01.786+01:00  INFO 6650 --- [           main] o.s.s.web.DefaultSecurityFilterChain     : Will not secure Ant [pattern='/public/**', DELETE]
2024-09-13T09:42:01.786+01:00  WARN 6650 --- [           main] o.s.s.c.a.web.builders.WebSecurity       : You are asking Spring Security to ignore Ant [pattern='/public/**', PUT]. This is not recommended -- please use permitAll via HttpSecurity#authorizeHttpRequests instead.
2024-09-13T09:42:01.786+01:00  INFO 6650 --- [           main] o.s.s.web.DefaultSecurityFilterChain     : Will not secure Ant [pattern='/public/**', PUT]
2024-09-13T09:42:01.786+01:00  WARN 6650 --- [           main] o.s.s.c.a.web.builders.WebSecurity       : You are asking Spring Security to ignore Ant [pattern='/**', OPTIONS]. This is not recommended -- please use permitAll via HttpSecurity#authorizeHttpRequests instead.
2024-09-13T09:42:01.786+01:00  INFO 6650 --- [           main] o.s.s.web.DefaultSecurityFilterChain     : Will not secure Ant [pattern='/**', OPTIONS]
2024-09-13T09:42:01.786+01:00  WARN 6650 --- [           main] o.s.s.c.a.web.builders.WebSecurity       : You are asking Spring Security to ignore Ant [pattern='/v3/api-docs/**']. This is not recommended -- please use permitAll via HttpSecurity#authorizeHttpRequests instead.
2024-09-13T09:42:01.787+01:00  INFO 6650 --- [           main] o.s.s.web.DefaultSecurityFilterChain     : Will not secure Ant [pattern='/v3/api-docs/**']
2024-09-13T09:42:01.787+01:00  WARN 6650 --- [           main] o.s.s.c.a.web.builders.WebSecurity       : You are asking Spring Security to ignore Ant [pattern='/configuration/**']. This is not recommended -- please use permitAll via HttpSecurity#authorizeHttpRequests instead.
2024-09-13T09:42:01.787+01:00  INFO 6650 --- [           main] o.s.s.web.DefaultSecurityFilterChain     : Will not secure Ant [pattern='/configuration/**']
2024-09-13T09:42:01.787+01:00  WARN 6650 --- [           main] o.s.s.c.a.web.builders.WebSecurity       : You are asking Spring Security to ignore Ant [pattern='/swagger-ui/**']. This is not recommended -- please use permitAll via HttpSecurity#authorizeHttpRequests instead.
2024-09-13T09:42:01.787+01:00  INFO 6650 --- [           main] o.s.s.web.DefaultSecurityFilterChain     : Will not secure Ant [pattern='/swagger-ui/**']
2024-09-13T09:42:01.787+01:00  WARN 6650 --- [           main] o.s.s.c.a.web.builders.WebSecurity       : You are asking Spring Security to ignore Ant [pattern='/swagger-resources/**']. This is not recommended -- please use permitAll via HttpSecurity#authorizeHttpRequests instead.
2024-09-13T09:42:01.787+01:00  INFO 6650 --- [           main] o.s.s.web.DefaultSecurityFilterChain     : Will not secure Ant [pattern='/swagger-resources/**']
2024-09-13T09:42:01.787+01:00  WARN 6650 --- [           main] o.s.s.c.a.web.builders.WebSecurity       : You are asking Spring Security to ignore Ant [pattern='/swagger-ui.html']. This is not recommended -- please use permitAll via HttpSecurity#authorizeHttpRequests instead.
2024-09-13T09:42:01.787+01:00  INFO 6650 --- [           main] o.s.s.web.DefaultSecurityFilterChain     : Will not secure Ant [pattern='/swagger-ui.html']
2024-09-13T09:42:01.787+01:00  WARN 6650 --- [           main] o.s.s.c.a.web.builders.WebSecurity       : You are asking Spring Security to ignore Ant [pattern='/webjars/**']. This is not recommended -- please use permitAll via HttpSecurity#authorizeHttpRequests instead.
2024-09-13T09:42:01.787+01:00  INFO 6650 --- [           main] o.s.s.web.DefaultSecurityFilterChain     : Will not secure Ant [pattern='/webjars/**']
2024-09-13T09:42:01.788+01:00  WARN 6650 --- [           main] o.s.s.c.a.web.builders.WebSecurity       : You are asking Spring Security to ignore Ant [pattern='/api-docs/**']. This is not recommended -- please use permitAll via HttpSecurity#authorizeHttpRequests instead.
2024-09-13T09:42:01.788+01:00  INFO 6650 --- [           main] o.s.s.web.DefaultSecurityFilterChain     : Will not secure Ant [pattern='/api-docs/**']
2024-09-13T09:42:03.398+01:00  INFO 6650 --- [           main] o.s.a.r.c.CachingConnectionFactory       : Attempting to connect to: [localhost:5672]
2024-09-13T09:42:03.463+01:00  INFO 6650 --- [           main] o.s.a.r.c.CachingConnectionFactory       : Created new connection: rabbitConnectionFactory#5d8de4bd:0/SimpleConnection@6a2d0632 [delegate=amqp://guest@127.0.0.1:5672/, localPort=50661]
2024-09-13T09:42:03.514+01:00  INFO 6650 --- [           main] c.w.n.NotificationModuleApplicationTests : Started NotificationModuleApplicationTests in 7.535 seconds (process running for 8.748)
]]></system-out>
    <system-err><![CDATA[WARNING: A Java agent has been loaded dynamically (/Users/delsonstech/.m2/repository/net/bytebuddy/byte-buddy-agent/1.14.9/byte-buddy-agent-1.14.9.jar)
WARNING: If a serviceability tool is in use, please run with -XX:+EnableDynamicAgentLoading to hide this warning
WARNING: If a serviceability tool is not in use, please run with -Djdk.instrument.traceUsage for more information
WARNING: Dynamic loading of agents will be disallowed by default in a future release
]]></system-err>
  </testcase>
</testsuite>